<?xml version="1.0" encoding="UTF-8"?>
<!-- Generated by org.testng.reporters.JUnitReportReporter -->
<testsuite hostname="Santus-MacBook-Air.local" failures="0" tests="2" name="testSuite.GreenCartHomeTest" time="37.689" errors="0" timestamp="2021-06-30T22:23:03 EDT" skipped="0">
  <testcase classname="testSuite.GreenCartHomeTest" name="verifyPageLogo" time="15.614"/>
  <system-out/>
  <testcase classname="testSuite.GreenCartHomeTest" name="testMetaData" time="22.075"/>
  <system-out/>
</testsuite> <!-- testSuite.GreenCartHomeTest -->
