<?xml version="1.0" encoding="UTF-8"?>
<!-- Generated by org.testng.reporters.JUnitReportReporter -->
<testsuite hostname="Santus-MacBook-Air.local" failures="0" tests="1" name="webapptest.EndToEndJavaSeleniumFramework.AppTest" time="0.002" errors="0" timestamp="2021-05-25T23:40:58 EDT" skipped="0">
  <testcase classname="webapptest.EndToEndJavaSeleniumFramework.AppTest" name="shouldAnswerWithTrue" time="0.002"/>
  <system-out/>
</testsuite> <!-- webapptest.EndToEndJavaSeleniumFramework.AppTest -->
