<?xml version="1.0" encoding="UTF-8"?>
<!-- Generated by org.testng.reporters.JUnitReportReporter -->
<testsuite hostname="Santus-MacBook-Air.local" failures="0" tests="2" name="testSuite.GreenCartHomeTest" time="14.743" errors="0" timestamp="8 Jun 2021 00:09:43 GMT">
  <testcase classname="testSuite.GreenCartHomeTest" name="verifyPageLogo" time="5.603"/>
  <testcase classname="testSuite.GreenCartHomeTest" name="testMetaData" time="9.140"/>
</testsuite> <!-- testSuite.GreenCartHomeTest -->
